Info: Start Nativelink Simulation process
Info: Initialization of EDA simulation settings was successful 

========= EDA Simulation Settings =====================

Family                :  STRATIX
Quartus root          :  c:/altera/quartus50/bin/
Quartus sim root      :  c:/altera/quartus50/bin/../eda/sim_lib
Simulation Tool       :  modelsim-altera
Simulation Language   :  verilog
Sim Output File       :  insertion_sort.vo
Sim SDF file          :  insertion_sort_v.sdo
Sim dir               :  simulation\modelsim

=======================================================

Error: Simulation output netlist writer for EDA simulation tool not run
Error: Can't find simulation directory  > simulation\modelsim : couldn't change working directory to "simulation\modelsim": no such file or directory
Error: NativeLink simulation flow was NOT successful



================The following additional information is provided to help identify the cause of error while running nativelink scripts=================
Nativelink TCL script failed with errorCode:  POSIX ENOENT {no such file or directory}
Nativelink TCL script failed with errorInfo:  couldn't change working directory to "simulation\modelsim": no such file or directory
    while executing
"cd $q_sim_dir"
